cl : Command line warning D9025: overriding '/W3' with '/W1'
  quaternion.cpp
  glui_window.cpp
  glui_treepanel.cpp
  glui_tree.cpp
  glui_translation.cpp
  glui_textbox.cpp
..\..\glui\glui_textbox.cpp(1071): warning C4477: 'fprintf' : format string '%d' requires an argument of type 'int', but variadic argument 9 has type 'unsigned __int64'
  ..\..\glui\glui_textbox.cpp(1071): note: consider using '%zd' in the format string
  glui_string.cpp
  glui_statictext.cpp
  glui_spinner.cpp
..\..\glui\glui_spinner.cpp(65): warning C4312: 'type cast': conversion from 'int' to 'GLUI_Spinner *' of greater size
  glui_separator.cpp
  glui_scrollbar.cpp
  glui_rotation.cpp
  glui_rollout.cpp
  glui_radio.cpp
  glui_panel.cpp
  glui_node.cpp
  glui_mouse_iaction.cpp
  glui_listbox.cpp
  glui_list.cpp
  glui_filebrowser.cpp
  Generating Code...
  Compiling...
  glui_edittext.cpp
  glui_control.cpp
  glui_commandline.cpp
  glui_column.cpp
  glui_checkbox.cpp
  glui_button.cpp
  glui_bitmap_img_data.cpp
  glui_bitmaps.cpp
  glui_add_controls.cpp
  glui.cpp
  arcball.cpp
  algebra3.cpp
  Generating Code...
  GLUI.vcxproj -> C:\Users\Desktop\Source\Repos\GroupProject\Build\vs2010\bin\Debug\GLUI.lib
