Build started 20/01/2016 15:29:24.
     1>Project "C:\Users\a00218003\Desktop\Box2D_v2.2.1\Build\vs2010\FreeGLUT.vcxproj" on node 2 (Rebuild target(s)).
     1>ClCompile:
         C:\Program Files (x86)\Microsoft Visual Studio 11.0\VC\bin\x86_amd64\CL.exe /c /Zi /nologo /W3 /WX- /Od /D _CRT_SECURE_NO_WARNINGS /D _MBCS /Gm /EHsc /RTC1 /MDd /GS /Gy /fp:precise /Zc:wchar_t /Zc:forScope /Fo"obj\x64\Debug\FreeGLUT\\" /Fd"bin\Debug\FreeGLUT.pdb" /Gd /TC /errorReport:prompt ..\..\freeglut\freeglut_callbacks.c ..\..\freeglut\freeglut_cursor.c ..\..\freeglut\freeglut_display.c ..\..\freeglut\freeglut_ext.c ..\..\freeglut\freeglut_font.c ..\..\freeglut\freeglut_font_data.c ..\..\freeglut\freeglut_gamemode.c ..\..\freeglut\freeglut_geometry.c ..\..\freeglut\freeglut_glutfont_definitions.c ..\..\freeglut\freeglut_init.c ..\..\freeglut\freeglut_input_devices.c ..\..\freeglut\freeglut_joystick.c ..\..\freeglut\freeglut_main.c ..\..\freeglut\freeglut_menu.c ..\..\freeglut\freeglut_misc.c ..\..\freeglut\freeglut_overlay.c ..\..\freeglut\freeglut_spaceball.c ..\..\freeglut\freeglut_state.c ..\..\freeglut\freeglut_stroke_mono_roman.c ..\..\freeglut\freeglut_stroke_roman.c ..\..\freeglut\freeglut_structure.c ..\..\freeglut\freeglut_teapot.c ..\..\freeglut\freeglut_videoresize.c ..\..\freeglut\freeglut_window.c
         freeglut_window.c
         freeglut_videoresize.c
         freeglut_teapot.c
         freeglut_structure.c
         freeglut_stroke_roman.c
         freeglut_stroke_mono_roman.c
         freeglut_state.c
         freeglut_spaceball.c
         freeglut_overlay.c
         freeglut_misc.c
         freeglut_menu.c
         freeglut_main.c
         freeglut_joystick.c
         freeglut_input_devices.c
         freeglut_init.c
         freeglut_glutfont_definitions.c
         freeglut_geometry.c
         freeglut_gamemode.c
         freeglut_font_data.c
         freeglut_font.c
         Generating Code...
         Compiling...
         freeglut_ext.c
         freeglut_display.c
         freeglut_cursor.c
         freeglut_callbacks.c
         Generating Code...
       Lib:
         C:\Program Files (x86)\Microsoft Visual Studio 11.0\VC\bin\x86_amd64\Lib.exe /OUT:"bin\Debug\FreeGLUT.lib" /NOLOGO /MACHINE:X64 obj\x64\Debug\FreeGLUT\freeglut_callbacks.obj
         obj\x64\Debug\FreeGLUT\freeglut_cursor.obj
         obj\x64\Debug\FreeGLUT\freeglut_display.obj
         obj\x64\Debug\FreeGLUT\freeglut_ext.obj
         obj\x64\Debug\FreeGLUT\freeglut_font.obj
         obj\x64\Debug\FreeGLUT\freeglut_font_data.obj
         obj\x64\Debug\FreeGLUT\freeglut_gamemode.obj
         obj\x64\Debug\FreeGLUT\freeglut_geometry.obj
         obj\x64\Debug\FreeGLUT\freeglut_glutfont_definitions.obj
         obj\x64\Debug\FreeGLUT\freeglut_init.obj
         obj\x64\Debug\FreeGLUT\freeglut_input_devices.obj
         obj\x64\Debug\FreeGLUT\freeglut_joystick.obj
         obj\x64\Debug\FreeGLUT\freeglut_main.obj
         obj\x64\Debug\FreeGLUT\freeglut_menu.obj
         obj\x64\Debug\FreeGLUT\freeglut_misc.obj
         obj\x64\Debug\FreeGLUT\freeglut_overlay.obj
         obj\x64\Debug\FreeGLUT\freeglut_spaceball.obj
         obj\x64\Debug\FreeGLUT\freeglut_state.obj
         obj\x64\Debug\FreeGLUT\freeglut_stroke_mono_roman.obj
         obj\x64\Debug\FreeGLUT\freeglut_stroke_roman.obj
         obj\x64\Debug\FreeGLUT\freeglut_structure.obj
         obj\x64\Debug\FreeGLUT\freeglut_teapot.obj
         obj\x64\Debug\FreeGLUT\freeglut_videoresize.obj
         obj\x64\Debug\FreeGLUT\freeglut_window.obj
         FreeGLUT.vcxproj -> C:\Users\a00218003\Desktop\Box2D_v2.2.1\Build\vs2010\bin\Debug\FreeGLUT.lib
     1>Done Building Project "C:\Users\a00218003\Desktop\Box2D_v2.2.1\Build\vs2010\FreeGLUT.vcxproj" (Rebuild target(s)).

Build succeeded.

Time Elapsed 00:00:06.34
